2025-03-20 14:55:58,319 - celery_task.async_task - INFO - json评估任务启动，任务配置：73761105-a330-42b0-9d96-2b78ac04885e ['hotel_name']
2025-03-20 14:55:58,338 - celery_task.async_task - INFO - 风险评估已启动，子进程id是：ce040fb4-dcf0-46a6-838d-2a7bbdfe876a
2025-03-20 14:57:29,338 - celery_task.async_task - INFO - json评估任务启动，任务配置：bf6d5471-6d95-49ad-b7a9-c9a28c7749de ['hotel_name']
2025-03-20 14:57:29,358 - celery_task.async_task - INFO - 风险评估已启动，子进程id是：d0545ab2-74a3-4031-8680-16ee6e9f25ee
2025-03-20 14:57:30,739 - celery_task.async_task - INFO - 合规性评估已启动，子进程id是：68b18ff3-d8c7-44a8-9a2e-f85f7cbdbc4d
2025-03-20 14:57:30,938 - celery_task.async_task - INFO - 可用性评估已启动，子进程id是：c39d72a0-8cd3-4e64-a9a0-292e784d9663
2025-03-20 14:57:31,138 - celery_task.async_task - INFO - 匿名集数据特征评估已启动，子进程id是：fda4d125-3a83-4900-8b97-c1f1774c2551
2025-03-20 14:57:31,342 - celery_task.async_task - INFO - 匿名数据质量评估已启动，子进程id是：3bc14d0b-9f3f-40ca-a709-35273262c15a
2025-03-20 14:57:31,544 - celery_task.async_task - INFO - 隐私保护性度量评估已启动，子进程id是：c08b4d32-7c9f-4c77-97e9-44819a6a2e9e
2025-03-20 14:57:33,551 - celery_task.async_task - INFO - Deserialized series_quasi: (男, 29, 81381319940729493X, 13455623525)    1
(女, 41, 360199198206083266, 13268068568)    1
(男, 26, 318725199706081817, 13485483904)    1
(男, 23, 512884200002083775, 15028792538)    1
(男, 57, 157492196601027458, 15875794771)    1
dtype: int64
2025-03-20 14:57:33,557 - celery_task.async_task - INFO - Deserialized tem_all:   sex age           id_number        phone hotel_name
0   男  29  81381319940729493X  13455623525       布丁酒店
1   男  29  219454199407026274  13145004856     七天优品酒店
2   男  39  619252198410134257  15769439353       随意酒店
3   女  49  611805197409010488  15632657762     风尚瑞廷酒店
4   男  58  417794196504219653  15814934824     华住酒店集团
2025-03-20 14:57:33,557 - celery_task.async_task - INFO - 数据合规性评估开始启动：bf6d5471-6d95-49ad-b7a9-c9a28c7749de-2
2025-03-20 14:57:36,451 - celery_task.async_task - INFO - 评估任务id: bf6d5471-6d95-49ad-b7a9-c9a28c7749de-1,风险评估结果：1.0
2025-03-20 14:57:36,451 - celery_task.async_task - INFO - 评估任务id: bf6d5471-6d95-49ad-b7a9-c9a28c7749de-1,统计推断攻击结果: 0
