2024-01-26 12:26:21,620 - 1366968-MainThread - /home/qwb/PycharmProjects/dataset_test-master (1)/dataset_test-master/data_handle_model/json_handel.py[line:34] - INFO: ls -l命令执行成功, 
2024-01-26 12:56:54,650 - 1383616-MainThread - /home/qwb/PycharmProjects/dataset_test-master (1)/dataset_test-master/data_handle_model/json_handel.py[line:34] - INFO: ls -l命令执行成功, 
2024-01-26 12:57:36,139 - 1384171-MainThread - /home/qwb/PycharmProjects/dataset_test-master (1)/dataset_test-master/data_handle_model/json_handel.py[line:34] - INFO: ls -l命令执行成功, 
2024-01-26 12:58:10,516 - 1384425-MainThread - /home/qwb/PycharmProjects/dataset_test-master (1)/dataset_test-master/data_handle_model/json_handel.py[line:34] - INFO: ls -l命令执行成功, 
2024-01-26 13:02:49,483 - 1387254-MainThread - /home/qwb/PycharmProjects/dataset_test-master (1)/dataset_test-master/data_handle_model/json_handel.py[line:34] - INFO: ls -l命令执行成功
2024-01-26 13:03:51,458 - 1387861-MainThread - /home/qwb/PycharmProjects/dataset_test-master (1)/dataset_test-master/data_handle_model/json_handel.py[line:34] - INFO: ls -l命令执行成功
2024-01-26 13:03:57,291 - 1387914-MainThread - /home/qwb/PycharmProjects/dataset_test-master (1)/dataset_test-master/data_handle_model/json_handel.py[line:34] - INFO: ls -l命令执行成功
2024-01-28 16:02:27,794 - 444711-MainThread - /home/qwb/PycharmProjects/dataset_test-master (1)/dataset_test-master/app/__init__.py[line:43] - INFO: flask app 正在创建
2024-01-28 16:03:45,352 - 445402-MainThread - /home/qwb/PycharmProjects/dataset_test-master (1)/dataset_test-master/app/__init__.py[line:43] - INFO: flask app 正在创建
2024-01-28 16:03:45,992 - 445421-MainThread - /home/qwb/PycharmProjects/dataset_test-master (1)/dataset_test-master/app/__init__.py[line:43] - INFO: flask app 正在创建
2024-01-28 16:04:16,032 - 445570-MainThread - /home/qwb/PycharmProjects/dataset_test-master (1)/dataset_test-master/app/__init__.py[line:43] - INFO: flask app 正在创建
2024-04-10 13:39:51,018 - 4112917-MainThread - /home/qwb/PycharmProjects/dataset_test-master (1)/dataset_test-master/app/__init__.py[line:43] - INFO: flask app 正在创建
2024-04-10 13:39:51,600 - 4112927-MainThread - /home/qwb/PycharmProjects/dataset_test-master (1)/dataset_test-master/app/__init__.py[line:43] - INFO: flask app 正在创建
2024-04-10 13:39:54,290 - 4112959-MainThread - /home/qwb/PycharmProjects/dataset_test-master (1)/dataset_test-master/app/__init__.py[line:43] - INFO: flask app 正在创建
2024-04-10 13:50:49,205 - 4115093-MainThread - /home/qwb/PycharmProjects/dataset_test-master (1)/dataset_test-master/app/__init__.py[line:43] - INFO: flask app 正在创建
2024-04-10 13:50:55,760 - 4115172-MainThread - /home/qwb/PycharmProjects/dataset_test-master (1)/dataset_test-master/app/__init__.py[line:43] - INFO: flask app 正在创建
2024-04-10 13:50:56,322 - 4115185-MainThread - /home/qwb/PycharmProjects/dataset_test-master (1)/dataset_test-master/app/__init__.py[line:43] - INFO: flask app 正在创建
2024-04-10 14:58:14,394 - 4115185-Thread-13 (process_request_thread) - /home/qwb/PycharmProjects/dataset_test-master (1)/dataset_test-master/app/api/file/view.py[line:109] - INFO: recs test
2024-04-10 15:00:27,375 - 4115185-Thread-14 (process_request_thread) - /home/qwb/PycharmProjects/dataset_test-master (1)/dataset_test-master/app/api/file/view.py[line:109] - INFO: recs test
2024-04-10 15:02:12,116 - 4115185-Thread-19 (process_request_thread) - /home/qwb/PycharmProjects/dataset_test-master (1)/dataset_test-master/app/api/file/view.py[line:109] - INFO: recs test
2024-04-10 15:06:24,652 - 4129635-MainThread - /home/qwb/PycharmProjects/dataset_test-master (1)/dataset_test-master/app/__init__.py[line:43] - INFO: flask app 正在创建
2024-04-10 15:06:25,214 - 4129645-MainThread - /home/qwb/PycharmProjects/dataset_test-master (1)/dataset_test-master/app/__init__.py[line:43] - INFO: flask app 正在创建
2024-04-10 15:06:42,223 - 4129645-Thread-2 (process_request_thread) - /home/qwb/PycharmProjects/dataset_test-master (1)/dataset_test-master/app/api/file/view.py[line:109] - INFO: recs test
2024-04-10 15:08:04,389 - 4129972-MainThread - /home/qwb/PycharmProjects/dataset_test-master (1)/dataset_test-master/app/__init__.py[line:43] - INFO: flask app 正在创建
2024-04-10 15:12:10,303 - 4130847-MainThread - /home/qwb/PycharmProjects/dataset_test-master (1)/dataset_test-master/app/__init__.py[line:43] - INFO: flask app 正在创建
2024-04-10 15:14:04,560 - 4131295-MainThread - /home/qwb/PycharmProjects/dataset_test-master (1)/dataset_test-master/app/__init__.py[line:43] - INFO: flask app 正在创建
2024-04-10 15:16:47,581 - 4131967-MainThread - /home/qwb/PycharmProjects/dataset_test-master (1)/dataset_test-master/app/__init__.py[line:43] - INFO: flask app 正在创建
2024-04-10 15:16:48,151 - 4131978-MainThread - /home/qwb/PycharmProjects/dataset_test-master (1)/dataset_test-master/app/__init__.py[line:43] - INFO: flask app 正在创建
2024-04-10 16:46:20,713 - 4149277-MainThread - /home/qwb/PycharmProjects/dataset_test-master (1)/dataset_test-master/app/__init__.py[line:43] - INFO: flask app 正在创建
2024-04-10 17:36:02,875 - 4159517-MainThread - /home/qwb/PycharmProjects/dataset_test-master (1)/dataset_test-master/app/__init__.py[line:43] - INFO: flask app 正在创建
2024-04-10 17:36:45,774 - 4159753-MainThread - /home/qwb/PycharmProjects/dataset_test-master (1)/dataset_test-master/app/__init__.py[line:43] - INFO: flask app 正在创建
2024-04-10 17:38:29,987 - 4160223-MainThread - /home/qwb/PycharmProjects/dataset_test-master (1)/dataset_test-master/app/__init__.py[line:43] - INFO: flask app 正在创建
2024-04-10 18:18:32,387 - 4167780-MainThread - /home/qwb/PycharmProjects/dataset_test-master (1)/dataset_test-master/app/__init__.py[line:43] - INFO: flask app 正在创建
2024-04-10 18:23:17,491 - 4168847-MainThread - /home/qwb/PycharmProjects/dataset_test-master (1)/dataset_test-master/app/__init__.py[line:43] - INFO: flask app 正在创建
2024-04-10 18:39:44,044 - 4172308-MainThread - /home/qwb/PycharmProjects/dataset_test-master (1)/dataset_test-master/app/__init__.py[line:43] - INFO: flask app 正在创建
2024-04-10 19:19:11,086 - 4180374-MainThread - /home/qwb/PycharmProjects/dataset_test-master (1)/dataset_test-master/app/__init__.py[line:43] - INFO: flask app 正在创建
2024-04-11 15:49:02,324 - 258776-MainThread - /home/qwb/PycharmProjects/dataset_test-master (1)/dataset_test-master/app/__init__.py[line:43] - INFO: flask app 正在创建
2024-04-11 15:49:02,897 - 258892-MainThread - /home/qwb/PycharmProjects/dataset_test-master (1)/dataset_test-master/app/__init__.py[line:43] - INFO: flask app 正在创建
2024-04-11 16:09:02,459 - 293150-MainThread - /home/qwb/PycharmProjects/dataset_test-master (1)/dataset_test-master/app/__init__.py[line:43] - INFO: flask app 正在创建
2024-04-11 16:10:04,453 - 295475-MainThread - /home/qwb/PycharmProjects/dataset_test-master (1)/dataset_test-master/app/__init__.py[line:43] - INFO: flask app 正在创建
2024-04-11 16:17:30,382 - 308614-MainThread - /home/qwb/PycharmProjects/dataset_test-master (1)/dataset_test-master/app/__init__.py[line:43] - INFO: flask app 正在创建
2024-04-11 16:18:15,278 - 309782-MainThread - /home/qwb/PycharmProjects/dataset_test-master (1)/dataset_test-master/app/__init__.py[line:43] - INFO: flask app 正在创建
2024-04-11 16:19:30,327 - 310305-MainThread - /home/qwb/PycharmProjects/dataset_test-master (1)/dataset_test-master/app/__init__.py[line:43] - INFO: flask app 正在创建
2024-04-11 16:19:42,225 - 310305-Thread-2 (process_request_thread) - /home/qwb/PycharmProjects/dataset_test-master (1)/dataset_test-master/app/api/file/view.py[line:124] - INFO: recv:
2024-04-11 16:23:03,087 - 312059-MainThread - /home/qwb/PycharmProjects/dataset_test-master (1)/dataset_test-master/app/__init__.py[line:43] - INFO: flask app 正在创建
2024-04-11 16:23:11,662 - 312059-Thread-2 (process_request_thread) - /home/qwb/PycharmProjects/dataset_test-master (1)/dataset_test-master/app/api/file/view.py[line:124] - INFO: recv:
2024-04-11 16:23:51,009 - 312537-MainThread - /home/qwb/PycharmProjects/dataset_test-master (1)/dataset_test-master/app/__init__.py[line:43] - INFO: flask app 正在创建
2024-04-11 16:24:00,509 - 312537-Thread-2 (process_request_thread) - /home/qwb/PycharmProjects/dataset_test-master (1)/dataset_test-master/app/api/file/view.py[line:124] - INFO: recv:
2024-04-11 16:28:18,030 - 314379-MainThread - /home/qwb/PycharmProjects/dataset_test-master (1)/dataset_test-master/app/__init__.py[line:43] - INFO: flask app 正在创建
2024-04-11 16:29:41,129 - 315666-MainThread - /home/qwb/PycharmProjects/dataset_test-master (1)/dataset_test-master/app/__init__.py[line:43] - INFO: flask app 正在创建
2024-04-11 16:29:52,652 - 315666-Thread-2 (process_request_thread) - /home/qwb/PycharmProjects/dataset_test-master (1)/dataset_test-master/app/api/file/view.py[line:125] - INFO: recv:
2024-04-11 16:32:28,664 - 316696-MainThread - /home/qwb/PycharmProjects/dataset_test-master (1)/dataset_test-master/app/__init__.py[line:43] - INFO: flask app 正在创建
2024-04-11 16:33:03,687 - 316696-Thread-2 (process_request_thread) - /home/qwb/PycharmProjects/dataset_test-master (1)/dataset_test-master/app/api/file/view.py[line:125] - INFO: recv:
2024-04-11 16:33:31,646 - 316696-Thread-6 (process_request_thread) - /home/qwb/PycharmProjects/dataset_test-master (1)/dataset_test-master/app/api/file/view.py[line:125] - INFO: recv:
2024-04-11 16:34:04,821 - 317642-MainThread - /home/qwb/PycharmProjects/dataset_test-master (1)/dataset_test-master/app/__init__.py[line:43] - INFO: flask app 正在创建
2024-04-11 16:34:12,746 - 317642-Thread-2 (process_request_thread) - /home/qwb/PycharmProjects/dataset_test-master (1)/dataset_test-master/app/api/file/view.py[line:125] - INFO: recv:
2024-04-11 16:42:04,007 - 321126-MainThread - /home/qwb/PycharmProjects/dataset_test-master (1)/dataset_test-master/app/__init__.py[line:43] - INFO: flask app 正在创建
2024-04-11 16:42:52,939 - 322197-MainThread - /home/qwb/PycharmProjects/dataset_test-master (1)/dataset_test-master/app/__init__.py[line:43] - INFO: flask app 正在创建
2024-04-11 16:43:06,449 - 322197-Thread-2 (process_request_thread) - /home/qwb/PycharmProjects/dataset_test-master (1)/dataset_test-master/app/api/file/view.py[line:125] - INFO: recv:
2024-04-11 16:45:01,285 - 323170-MainThread - /home/qwb/PycharmProjects/dataset_test-master (1)/dataset_test-master/app/__init__.py[line:43] - INFO: flask app 正在创建
2024-04-11 16:45:23,072 - 323261-MainThread - /home/qwb/PycharmProjects/dataset_test-master (1)/dataset_test-master/app/__init__.py[line:43] - INFO: flask app 正在创建
2024-04-11 16:45:25,761 - 323293-MainThread - /home/qwb/PycharmProjects/dataset_test-master (1)/dataset_test-master/app/__init__.py[line:43] - INFO: flask app 正在创建
2024-04-11 16:45:54,455 - 323293-Thread-2 (process_request_thread) - /home/qwb/PycharmProjects/dataset_test-master (1)/dataset_test-master/app/api/file/view.py[line:125] - INFO: recv:
2024-04-11 16:46:16,051 - 323293-Thread-4 (process_request_thread) - /home/qwb/PycharmProjects/dataset_test-master (1)/dataset_test-master/app/api/file/view.py[line:125] - INFO: recv:
2024-04-11 16:46:34,802 - 326120-MainThread - /home/qwb/PycharmProjects/dataset_test-master (1)/dataset_test-master/app/__init__.py[line:43] - INFO: flask app 正在创建
2024-04-11 16:47:27,747 - 326574-MainThread - /home/qwb/PycharmProjects/dataset_test-master (1)/dataset_test-master/app/__init__.py[line:43] - INFO: flask app 正在创建
2024-04-11 16:48:10,198 - 326574-Thread-2 (process_request_thread) - /home/qwb/PycharmProjects/dataset_test-master (1)/dataset_test-master/app/api/file/view.py[line:125] - INFO: recv:
2024-04-11 16:48:27,734 - 327102-MainThread - /home/qwb/PycharmProjects/dataset_test-master (1)/dataset_test-master/app/__init__.py[line:43] - INFO: flask app 正在创建
2024-04-11 16:48:53,604 - 327102-Thread-2 (process_request_thread) - /home/qwb/PycharmProjects/dataset_test-master (1)/dataset_test-master/app/api/file/view.py[line:125] - INFO: recv:
2024-04-11 16:54:42,355 - 330197-MainThread - /home/qwb/PycharmProjects/dataset_test-master (1)/dataset_test-master/app/__init__.py[line:43] - INFO: flask app 正在创建
2024-04-11 16:55:20,226 - 330643-MainThread - /home/qwb/PycharmProjects/dataset_test-master (1)/dataset_test-master/app/__init__.py[line:43] - INFO: flask app 正在创建
2024-04-11 16:56:09,156 - 331545-MainThread - /home/qwb/PycharmProjects/dataset_test-master (1)/dataset_test-master/app/__init__.py[line:43] - INFO: flask app 正在创建
2024-04-11 16:56:38,690 - 331545-Thread-2 (process_request_thread) - /home/qwb/PycharmProjects/dataset_test-master (1)/dataset_test-master/app/api/file/view.py[line:125] - INFO: recv:
2024-04-11 17:00:05,092 - 335810-MainThread - /home/qwb/PycharmProjects/dataset_test-master (1)/dataset_test-master/app/__init__.py[line:43] - INFO: flask app 正在创建
2024-04-11 17:00:09,786 - 335856-MainThread - /home/qwb/PycharmProjects/dataset_test-master (1)/dataset_test-master/app/__init__.py[line:43] - INFO: flask app 正在创建
2024-04-11 17:00:38,745 - 335856-Thread-2 (process_request_thread) - /home/qwb/PycharmProjects/dataset_test-master (1)/dataset_test-master/app/api/file/view.py[line:125] - INFO: recv:
2024-04-11 17:00:38,745 - 335856-Thread-2 (process_request_thread) - /home/qwb/PycharmProjects/dataset_test-master (1)/dataset_test-master/app/api/file/view.py[line:126] - INFO: task uuid: "qwb"
2024-04-11 17:00:38,839 - 335856-Thread-2 (process_request_thread) - /home/qwb/PycharmProjects/dataset_test-master (1)/dataset_test-master/app/api/file/view.py[line:129] - INFO: worker_id: c8134519-cdbf-498a-9c2a-6c2b0b72ad1b
2024-04-11 17:00:38,839 - 335856-Thread-2 (process_request_thread) - /home/qwb/PycharmProjects/dataset_test-master (1)/dataset_test-master/app/api/file/view.py[line:132] - INFO: worker_id: 0c7bc5aa-2907-4522-8b48-782b1f53f0d8
2024-04-25 16:00:58,860 - 2056766-MainThread - /home/qwb/PycharmProjects/dataset_test-master (1)/dataset_test-master/app/__init__.py[line:43] - INFO: flask app 正在创建
2024-04-25 16:00:59,575 - 2056796-MainThread - /home/qwb/PycharmProjects/dataset_test-master (1)/dataset_test-master/app/__init__.py[line:43] - INFO: flask app 正在创建
2024-04-25 16:11:57,765 - 2056796-Thread-2 (process_request_thread) - /home/qwb/PycharmProjects/dataset_test-master (1)/dataset_test-master/app/api/file/view.py[line:141] - INFO: test success:{'Quasi_identifiers': ['sex', 'age', 'id_number', 'phone'], 'Direct_identifiers': ['uuid'], 'Sensitive_attributes': ['hotel_name'], 'private_data_url': 'mysql+pymysql://root:784512@localhost:3306/local_test', 'private_data_table': 'local_test_hotel_1_5_2', 'data_scene': 'hotel', 'description': 'it is a test json'}
2024-04-25 16:15:40,065 - 2062483-MainThread - /home/qwb/PycharmProjects/dataset_test-master (1)/dataset_test-master/app/__init__.py[line:43] - INFO: flask app 正在创建
2024-04-25 16:15:49,979 - 2062483-Thread-2 (process_request_thread) - /home/qwb/PycharmProjects/dataset_test-master (1)/dataset_test-master/app/api/file/view.py[line:154] - INFO: test success:{'Quasi_identifiers': ['sex', 'age', 'id_number', 'phone'], 'Direct_identifiers': ['uuid'], 'Sensitive_attributes': ['hotel_name'], 'private_data_url': 'mysql+pymysql://root:784512@localhost:3306/local_test', 'private_data_table': 'local_test_hotel_1_5_2', 'data_scene': 'hotel', 'description': 'it is a test json'}
2024-04-25 16:22:56,353 - 2065364-MainThread - /home/qwb/PycharmProjects/dataset_test-master (1)/dataset_test-master/app/__init__.py[line:43] - INFO: flask app 正在创建
2024-04-25 16:23:00,438 - 2065364-Thread-2 (process_request_thread) - /home/qwb/PycharmProjects/dataset_test-master (1)/dataset_test-master/app/api/file/view.py[line:163] - INFO: test success:{'Quasi_identifiers': ['sex', 'age', 'id_number', 'phone'], 'Direct_identifiers': ['uuid'], 'Sensitive_attributes': ['hotel_name'], 'private_data_url': 'mysql+pymysql://root:784512@localhost:3306/local_test', 'private_data_table': 'local_test_hotel_1_5_2', 'data_scene': 'hotel', 'k-anonymity': 2, 'l-diversity': 2, 't-closeness': 0.95, 'description': 'it is a test json'}
2024-04-25 16:25:00,897 - 2066191-MainThread - /home/qwb/PycharmProjects/dataset_test-master (1)/dataset_test-master/app/__init__.py[line:43] - INFO: flask app 正在创建
2024-04-25 16:25:06,063 - 2066191-Thread-2 (process_request_thread) - /home/qwb/PycharmProjects/dataset_test-master (1)/dataset_test-master/app/api/file/view.py[line:155] - INFO: test success:{'Quasi_identifiers': ['sex', 'age', 'id_number', 'phone'], 'Direct_identifiers': ['uuid'], 'Sensitive_attributes': ['hotel_name'], 'private_data_url': 'mysql+pymysql://root:784512@localhost:3306/local_test', 'private_data_table': 'local_test_hotel_1_5_2', 'data_scene': 'hotel', 'k-anonymity': 2, 'l-diversity': 2, 't-closeness': 0.95, 'description': 'it is a test json'}
2024-04-25 16:28:30,905 - 2066191-Thread-3 (process_request_thread) - /home/qwb/PycharmProjects/dataset_test-master (1)/dataset_test-master/app/api/file/view.py[line:155] - INFO: test success:{'Quasi_identifiers': ['sex', 'age', 'id_number', 'phone'], 'Direct_identifiers': ['uuid'], 'Sensitive_attributes': ['hotel_name'], 'private_data_url': 'mysql+pymysql://root:784512@localhost:3306/local_test', 'private_data_table': 'local_test_hotel_1_5_2', 'data_scene': 'hotel', 'k-anonymity': 2, 'l-diversity': 2, 't-closeness': 0.95, 'description': 'it is a test json'}
2024-04-25 16:28:45,912 - 2066191-Thread-4 (process_request_thread) - /home/qwb/PycharmProjects/dataset_test-master (1)/dataset_test-master/app/api/file/view.py[line:155] - INFO: test success:{'Quasi_identifiers': ['sex', 'age', 'id_number', 'phone'], 'Direct_identifiers': ['uuid'], 'Sensitive_attributes': ['hotel_name'], 'private_data_url': 'mysql+pymysql://root:784512@localhost:3306/local_test', 'private_data_table': 'local_test_hotel_1_5_2', 'data_scene': 'hotel', 'k-anonymity': 2, 'l-diversity': 2, 't-closeness': 0.95, 'description': 'it is a test json'}
2024-04-25 16:28:46,753 - 2066191-Thread-5 (process_request_thread) - /home/qwb/PycharmProjects/dataset_test-master (1)/dataset_test-master/app/api/file/view.py[line:155] - INFO: test success:{'Quasi_identifiers': ['sex', 'age', 'id_number', 'phone'], 'Direct_identifiers': ['uuid'], 'Sensitive_attributes': ['hotel_name'], 'private_data_url': 'mysql+pymysql://root:784512@localhost:3306/local_test', 'private_data_table': 'local_test_hotel_1_5_2', 'data_scene': 'hotel', 'k-anonymity': 2, 'l-diversity': 2, 't-closeness': 0.95, 'description': 'it is a test json'}
2024-04-25 16:28:47,542 - 2066191-Thread-6 (process_request_thread) - /home/qwb/PycharmProjects/dataset_test-master (1)/dataset_test-master/app/api/file/view.py[line:155] - INFO: test success:{'Quasi_identifiers': ['sex', 'age', 'id_number', 'phone'], 'Direct_identifiers': ['uuid'], 'Sensitive_attributes': ['hotel_name'], 'private_data_url': 'mysql+pymysql://root:784512@localhost:3306/local_test', 'private_data_table': 'local_test_hotel_1_5_2', 'data_scene': 'hotel', 'k-anonymity': 2, 'l-diversity': 2, 't-closeness': 0.95, 'description': 'it is a test json'}
2024-04-25 16:28:48,302 - 2066191-Thread-7 (process_request_thread) - /home/qwb/PycharmProjects/dataset_test-master (1)/dataset_test-master/app/api/file/view.py[line:155] - INFO: test success:{'Quasi_identifiers': ['sex', 'age', 'id_number', 'phone'], 'Direct_identifiers': ['uuid'], 'Sensitive_attributes': ['hotel_name'], 'private_data_url': 'mysql+pymysql://root:784512@localhost:3306/local_test', 'private_data_table': 'local_test_hotel_1_5_2', 'data_scene': 'hotel', 'k-anonymity': 2, 'l-diversity': 2, 't-closeness': 0.95, 'description': 'it is a test json'}
2024-04-25 16:28:48,920 - 2066191-Thread-8 (process_request_thread) - /home/qwb/PycharmProjects/dataset_test-master (1)/dataset_test-master/app/api/file/view.py[line:155] - INFO: test success:{'Quasi_identifiers': ['sex', 'age', 'id_number', 'phone'], 'Direct_identifiers': ['uuid'], 'Sensitive_attributes': ['hotel_name'], 'private_data_url': 'mysql+pymysql://root:784512@localhost:3306/local_test', 'private_data_table': 'local_test_hotel_1_5_2', 'data_scene': 'hotel', 'k-anonymity': 2, 'l-diversity': 2, 't-closeness': 0.95, 'description': 'it is a test json'}
2024-04-25 16:28:49,524 - 2066191-Thread-9 (process_request_thread) - /home/qwb/PycharmProjects/dataset_test-master (1)/dataset_test-master/app/api/file/view.py[line:155] - INFO: test success:{'Quasi_identifiers': ['sex', 'age', 'id_number', 'phone'], 'Direct_identifiers': ['uuid'], 'Sensitive_attributes': ['hotel_name'], 'private_data_url': 'mysql+pymysql://root:784512@localhost:3306/local_test', 'private_data_table': 'local_test_hotel_1_5_2', 'data_scene': 'hotel', 'k-anonymity': 2, 'l-diversity': 2, 't-closeness': 0.95, 'description': 'it is a test json'}
2024-04-25 21:20:50,685 - 2188114-MainThread - /home/qwb/PycharmProjects/dataset_test-master (1)/dataset_test-master/app/__init__.py[line:43] - INFO: flask app 正在创建
2024-04-25 21:20:51,368 - 2188124-MainThread - /home/qwb/PycharmProjects/dataset_test-master (1)/dataset_test-master/app/__init__.py[line:43] - INFO: flask app 正在创建
2024-04-25 21:20:55,724 - 2188124-Thread-2 (process_request_thread) - /home/qwb/PycharmProjects/dataset_test-master (1)/dataset_test-master/app/api/file/view.py[line:155] - INFO: test success:{'Quasi_identifiers': ['sex', 'age', 'id_number', 'phone'], 'Direct_identifiers': ['uuid'], 'Sensitive_attributes': ['hotel_name'], 'private_data_url': 'mysql+pymysql://root:784512@localhost:3306/local_test', 'private_data_table': 'local_test_hotel_1_5_2', 'data_scene': 'hotel', 'k-anonymity': 2, 'l-diversity': 2, 't-closeness': 0.95, 'description': 'it is a test json'}
