2024-06-25 22:14:04,489 - celery_task.async_task - INFO - 评估任务id: 95bff8b7-8f1b-4405-8e8b-47b08568b85c-1,风险评估结果：1.0
2024-06-25 22:14:04,490 - celery_task.async_task - INFO - 评估任务id: 95bff8b7-8f1b-4405-8e8b-47b08568b85c-1,统计推断攻击结果: 0
2024-06-25 22:20:54,538 - celery_task.async_task - INFO - json评估任务启动，任务配置：ff56e0a0-c80b-4afb-bb82-61d17ef20015 ['product']
2024-06-25 22:20:54,565 - celery_task.async_task - INFO - 风险评估已启动，子进程id是：6cb831e0-0a6f-4947-8dfb-945f31dd4706
2024-06-25 22:20:56,232 - celery_task.async_task - INFO - 合规性评估已启动，子进程id是：959adaba-5403-40ef-8613-1b84f953c2d5
2024-06-25 22:20:56,511 - celery_task.async_task - INFO - 可用性评估已启动，子进程id是：3d7608d5-5704-4796-b095-acd78ba2155a
2024-06-25 22:20:56,794 - celery_task.async_task - INFO - 匿名集数据特征评估已启动，子进程id是：63874711-1687-4747-b78d-32596ad9610b
2024-06-25 22:20:57,076 - celery_task.async_task - INFO - 匿名数据质量评估已启动，子进程id是：03c6944f-05cf-4ecc-986a-ac2d44ced23e
2024-06-25 22:20:57,359 - celery_task.async_task - INFO - 隐私保护性度量评估已启动，子进程id是：acc5a41a-080e-4369-b023-8c615740fa77
2024-06-25 22:21:00,092 - celery_task.async_task - INFO - Deserialized series_quasi: (孙芸*, 17**:**, *******6982, 宁夏回族自治区******大街0001室)       1
(干琬*, 09**:**, *******3247, 浙江省绍兴****道0009室)            1
(彭克*, 18**:**, *******4408, 宁夏回族自治******区道0003室)        1
(乐华*, 13**:**, *******0537, 台湾省新北****路0005室)            1
(贡仁*, 14**:**, *******5300, 贵州省黔西南布依******贞丰县路0001室)    1
dtype: int64
2024-06-25 22:21:00,098 - celery_task.async_task - INFO - Deserialized tem_all:    name     time        phone               address  product
0  赫连**  09**:**  *******3525  海南省昌江黎族******镇路0002室  智能扫地机器人
1  申屠**  09**:**  *******4856      江苏省徐州市****街0001室     剃须刀头
2  闾丘**  08**:**  *******9353       吉林省白城****路0004室      滤水壶
3   宁胜*  15**:**  *******7762       台湾省台北****路0004室       车充
4   靳力*  16**:**  *******4824   内蒙古自治区******大街0005室  智能臭氧发生器
2024-06-25 22:21:00,098 - celery_task.async_task - INFO - 数据合规性评估开始启动：ff56e0a0-c80b-4afb-bb82-61d17ef20015-2
2024-06-25 22:21:53,227 - celery_task.async_task - INFO - 评估任务id: ff56e0a0-c80b-4afb-bb82-61d17ef20015-1,风险评估结果：1.0
2024-06-25 22:21:53,227 - celery_task.async_task - INFO - 评估任务id: ff56e0a0-c80b-4afb-bb82-61d17ef20015-1,统计推断攻击结果: 0
2024-06-25 22:24:42,596 - celery_task.async_task - INFO - ff56e0a0-c80b-4afb-bb82-61d17ef20015所有评估任务均已成功执行！
2024-06-25 22:31:20,495 - celery_task.async_task - INFO - json评估任务启动，任务配置：91fbb214-8b27-4daa-b44b-d9a409bccbea ['product']
2024-06-25 22:34:44,762 - celery_task.async_task - INFO - json评估任务启动，任务配置：be5513ec-a546-4189-a1c0-0683280c1df3 ['product']
2024-06-25 22:34:44,789 - celery_task.async_task - INFO - 风险评估已启动，子进程id是：e07bf198-ced5-466a-932d-fe7db605e3a3
2024-06-25 22:34:46,469 - celery_task.async_task - INFO - 合规性评估已启动，子进程id是：d892fa9e-7a63-4493-8445-cb17174a96e3
2024-06-25 22:34:46,754 - celery_task.async_task - INFO - 可用性评估已启动，子进程id是：70452621-ca96-44f8-9918-fd64d59c8dfd
2024-06-25 22:34:47,043 - celery_task.async_task - INFO - 匿名集数据特征评估已启动，子进程id是：48bbf582-9fd0-4e01-ab4c-7d853504e150
2024-06-25 22:34:47,331 - celery_task.async_task - INFO - 匿名数据质量评估已启动，子进程id是：3eefcab4-6db3-44b9-9b70-c21eb5679390
2024-06-25 22:34:47,618 - celery_task.async_task - INFO - 隐私保护性度量评估已启动，子进程id是：c5fe94dc-4799-4c4e-94fb-d38b16524f70
2024-06-25 22:34:50,417 - celery_task.async_task - INFO - Deserialized series_quasi: (孙芸*, 17**:**, *******6982, 宁夏回族自治区******大街0001室)       1
(干琬*, 09**:**, *******3247, 浙江省绍兴****道0009室)            1
(彭克*, 18**:**, *******4408, 宁夏回族自治******区道0003室)        1
(乐华*, 13**:**, *******0537, 台湾省新北****路0005室)            1
(贡仁*, 14**:**, *******5300, 贵州省黔西南布依******贞丰县路0001室)    1
dtype: int64
2024-06-25 22:34:50,425 - celery_task.async_task - INFO - Deserialized tem_all:    name     time        phone               address  product
0  赫连**  09**:**  *******3525  海南省昌江黎族******镇路0002室  智能扫地机器人
1  申屠**  09**:**  *******4856      江苏省徐州市****街0001室     剃须刀头
2  闾丘**  08**:**  *******9353       吉林省白城****路0004室      滤水壶
3   宁胜*  15**:**  *******7762       台湾省台北****路0004室       车充
4   靳力*  16**:**  *******4824   内蒙古自治区******大街0005室  智能臭氧发生器
2024-06-25 22:34:50,425 - celery_task.async_task - INFO - 数据合规性评估开始启动：be5513ec-a546-4189-a1c0-0683280c1df3-2
2024-06-25 22:35:44,278 - celery_task.async_task - INFO - 评估任务id: be5513ec-a546-4189-a1c0-0683280c1df3-1,风险评估结果：1.0
2024-06-25 22:35:44,279 - celery_task.async_task - INFO - 评估任务id: be5513ec-a546-4189-a1c0-0683280c1df3-1,统计推断攻击结果: 0
2024-06-25 22:38:39,571 - celery_task.async_task - INFO - json评估任务启动，任务配置：36066f32-f07b-46ca-8be0-5dd33a672ac7 ['product']
2024-06-25 22:38:39,595 - celery_task.async_task - INFO - 风险评估已启动，子进程id是：201639fd-986c-400d-b74c-2df5f1995f30
2024-06-25 22:38:41,317 - celery_task.async_task - INFO - 合规性评估已启动，子进程id是：ac9b7ceb-c237-429d-b469-ee4bf1ae49ae
2024-06-25 22:38:41,607 - celery_task.async_task - INFO - 可用性评估已启动，子进程id是：07908aef-9651-470a-a330-0be48114a45b
2024-06-25 22:38:41,913 - celery_task.async_task - INFO - 匿名集数据特征评估已启动，子进程id是：3cfacba9-5348-4fa6-b239-995d4e814990
2024-06-25 22:38:42,212 - celery_task.async_task - INFO - 匿名数据质量评估已启动，子进程id是：0803d56d-5728-4020-a649-48089a8a9d14
2024-06-25 22:38:42,503 - celery_task.async_task - INFO - 隐私保护性度量评估已启动，子进程id是：bb7b7120-0dd6-4ae7-bde2-931295672ee9
2024-06-25 22:38:46,728 - celery_task.async_task - INFO - Deserialized series_quasi: (孙芸*, 17**:**, *******6982, 宁夏回族自治区******大街0001室)       1
(干琬*, 09**:**, *******3247, 浙江省绍兴****道0009室)            1
(彭克*, 18**:**, *******4408, 宁夏回族自治******区道0003室)        1
(乐华*, 13**:**, *******0537, 台湾省新北****路0005室)            1
(贡仁*, 14**:**, *******5300, 贵州省黔西南布依******贞丰县路0001室)    1
dtype: int64
2024-06-25 22:38:46,733 - celery_task.async_task - INFO - Deserialized tem_all:    name     time        phone               address  product
0  赫连**  09**:**  *******3525  海南省昌江黎族******镇路0002室  智能扫地机器人
1  申屠**  09**:**  *******4856      江苏省徐州市****街0001室     剃须刀头
2  闾丘**  08**:**  *******9353       吉林省白城****路0004室      滤水壶
3   宁胜*  15**:**  *******7762       台湾省台北****路0004室       车充
4   靳力*  16**:**  *******4824   内蒙古自治区******大街0005室  智能臭氧发生器
2024-06-25 22:38:46,733 - celery_task.async_task - INFO - 数据合规性评估开始启动：36066f32-f07b-46ca-8be0-5dd33a672ac7-2
2024-06-25 22:38:47,830 - celery_task.async_task - INFO - be5513ec-a546-4189-a1c0-0683280c1df3所有评估任务均已成功执行！
2024-06-25 22:39:38,986 - celery_task.async_task - INFO - 评估任务id: 36066f32-f07b-46ca-8be0-5dd33a672ac7-1,风险评估结果：1.0
2024-06-25 22:39:38,987 - celery_task.async_task - INFO - 评估任务id: 36066f32-f07b-46ca-8be0-5dd33a672ac7-1,统计推断攻击结果: 0
2024-06-25 22:42:38,778 - celery_task.async_task - INFO - json评估任务启动，任务配置：ad67ae34-3a01-44a1-8294-1b23f37c6d4a ['product']
2024-06-25 22:42:38,781 - celery_task.async_task - INFO - 风险评估已启动，子进程id是：d4a7b4b4-8bc1-402a-950b-5153a36be01a
2024-06-25 22:42:40,463 - celery_task.async_task - INFO - 合规性评估已启动，子进程id是：ddbe1bff-bcc1-4856-97aa-0d05b4bd207e
2024-06-25 22:42:40,751 - celery_task.async_task - INFO - 可用性评估已启动，子进程id是：8dffdad4-bb12-424a-9ea8-723693078e1a
2024-06-25 22:42:41,044 - celery_task.async_task - INFO - 匿名集数据特征评估已启动，子进程id是：4435b662-3aa1-4d5a-a950-33c10625abc1
2024-06-25 22:42:41,332 - celery_task.async_task - INFO - 匿名数据质量评估已启动，子进程id是：379f18ef-5cfd-4a89-abce-faab4838eda0
2024-06-25 22:42:41,617 - celery_task.async_task - INFO - 隐私保护性度量评估已启动，子进程id是：204b64d8-5f23-4a95-83e2-42a0c5c6c260
2024-06-25 22:42:54,488 - celery_task.async_task - INFO - Deserialized series_quasi: (孙芸*, 17**:**, *******6982, 宁夏回族自治区******大街0001室)       1
(干琬*, 09**:**, *******3247, 浙江省绍兴****道0009室)            1
(彭克*, 18**:**, *******4408, 宁夏回族自治******区道0003室)        1
(乐华*, 13**:**, *******0537, 台湾省新北****路0005室)            1
(贡仁*, 14**:**, *******5300, 贵州省黔西南布依******贞丰县路0001室)    1
dtype: int64
2024-06-25 22:42:54,493 - celery_task.async_task - INFO - Deserialized tem_all:    name     time        phone               address  product
0  赫连**  09**:**  *******3525  海南省昌江黎族******镇路0002室  智能扫地机器人
1  申屠**  09**:**  *******4856      江苏省徐州市****街0001室     剃须刀头
2  闾丘**  08**:**  *******9353       吉林省白城****路0004室      滤水壶
3   宁胜*  15**:**  *******7762       台湾省台北****路0004室       车充
4   靳力*  16**:**  *******4824   内蒙古自治区******大街0005室  智能臭氧发生器
2024-06-25 22:42:54,493 - celery_task.async_task - INFO - 数据合规性评估开始启动：ad67ae34-3a01-44a1-8294-1b23f37c6d4a-2
2024-06-25 22:43:37,817 - celery_task.async_task - INFO - 评估任务id: ad67ae34-3a01-44a1-8294-1b23f37c6d4a-1,风险评估结果：1.0
2024-06-25 22:43:37,817 - celery_task.async_task - INFO - 评估任务id: ad67ae34-3a01-44a1-8294-1b23f37c6d4a-1,统计推断攻击结果: 0
2024-06-25 22:47:11,893 - celery_task.async_task - INFO - ad67ae34-3a01-44a1-8294-1b23f37c6d4a所有评估任务均已成功执行！
2024-06-25 22:50:39,151 - celery_task.async_task - INFO - json评估任务启动，任务配置：17df52d4-9000-44b0-8777-6b10b7a73287 ['product']
2024-06-25 22:50:39,155 - celery_task.async_task - INFO - 风险评估已启动，子进程id是：9ecc2827-7af4-4e71-9c0f-d0befeaf255d
2024-06-25 22:50:40,791 - celery_task.async_task - INFO - 合规性评估已启动，子进程id是：ce4dafec-7995-432d-aecf-c62d65b07dc1
2024-06-25 22:50:41,077 - celery_task.async_task - INFO - 可用性评估已启动，子进程id是：0c82f212-a0d0-45fc-9107-8fbf008f7249
2024-06-25 22:50:41,365 - celery_task.async_task - INFO - 匿名集数据特征评估已启动，子进程id是：9c1f69f0-1f36-4d4f-be6d-37aee81249a4
2024-06-25 22:50:41,652 - celery_task.async_task - INFO - 匿名数据质量评估已启动，子进程id是：98c8a67c-e4eb-4476-93db-e8d42c27fc7c
2024-06-25 22:50:41,935 - celery_task.async_task - INFO - 隐私保护性度量评估已启动，子进程id是：5b7911b4-d9e7-4607-81e2-fa9eba347595
2024-06-25 22:50:44,170 - celery_task.async_task - INFO - Deserialized series_quasi: (孙芸*, 17**:**, *******6982, 宁夏回族自治区******大街0001室)       1
(干琬*, 09**:**, *******3247, 浙江省绍兴****道0009室)            1
(彭克*, 18**:**, *******4408, 宁夏回族自治******区道0003室)        1
(乐华*, 13**:**, *******0537, 台湾省新北****路0005室)            1
(贡仁*, 14**:**, *******5300, 贵州省黔西南布依******贞丰县路0001室)    1
dtype: int64
2024-06-25 22:50:44,175 - celery_task.async_task - INFO - Deserialized tem_all:    name     time        phone               address  product
0  赫连**  09**:**  *******3525  海南省昌江黎族******镇路0002室  智能扫地机器人
1  申屠**  09**:**  *******4856      江苏省徐州市****街0001室     剃须刀头
2  闾丘**  08**:**  *******9353       吉林省白城****路0004室      滤水壶
3   宁胜*  15**:**  *******7762       台湾省台北****路0004室       车充
4   靳力*  16**:**  *******4824   内蒙古自治区******大街0005室  智能臭氧发生器
2024-06-25 22:50:44,175 - celery_task.async_task - INFO - 数据合规性评估开始启动：17df52d4-9000-44b0-8777-6b10b7a73287-2
2024-06-25 22:51:45,311 - celery_task.async_task - INFO - 评估任务id: 17df52d4-9000-44b0-8777-6b10b7a73287-1,风险评估结果：1.0
2024-06-25 22:51:45,311 - celery_task.async_task - INFO - 评估任务id: 17df52d4-9000-44b0-8777-6b10b7a73287-1,统计推断攻击结果: 0
2024-06-25 22:54:42,187 - celery_task.async_task - INFO - 17df52d4-9000-44b0-8777-6b10b7a73287所有评估任务均已成功执行！
2024-06-25 22:55:50,498 - celery_task.async_task - INFO - json评估任务启动，任务配置：53a29856-e8b0-4843-8d46-2861a74d0532 ['product']
2024-06-25 22:55:50,502 - celery_task.async_task - INFO - 风险评估已启动，子进程id是：fe6217c8-798d-4a66-9002-be9f11f4a4e9
2024-06-25 22:55:52,126 - celery_task.async_task - INFO - 合规性评估已启动，子进程id是：7e795715-69a2-4a44-8f6b-e7fe413642bc
2024-06-25 22:55:52,411 - celery_task.async_task - INFO - 可用性评估已启动，子进程id是：bd243da6-5221-404a-8f17-eab33064d11f
2024-06-25 22:55:52,697 - celery_task.async_task - INFO - 匿名集数据特征评估已启动，子进程id是：e9e3b36b-040e-4828-a251-2ae477b9d9f6
2024-06-25 22:55:52,984 - celery_task.async_task - INFO - 匿名数据质量评估已启动，子进程id是：07279fd1-e073-4d88-a3eb-05b3e75aa7b1
2024-06-25 22:55:53,269 - celery_task.async_task - INFO - 隐私保护性度量评估已启动，子进程id是：3b1c6329-f60c-48ff-a6bc-b7c305373329
2024-06-25 22:55:55,500 - celery_task.async_task - INFO - Deserialized series_quasi: (孙芸*, 17**:**, *******6982, 宁夏回族自治区******大街0001室)       1
(干琬*, 09**:**, *******3247, 浙江省绍兴****道0009室)            1
(彭克*, 18**:**, *******4408, 宁夏回族自治******区道0003室)        1
(乐华*, 13**:**, *******0537, 台湾省新北****路0005室)            1
(贡仁*, 14**:**, *******5300, 贵州省黔西南布依******贞丰县路0001室)    1
dtype: int64
2024-06-25 22:55:55,504 - celery_task.async_task - INFO - Deserialized tem_all:    name     time        phone               address  product
0  赫连**  09**:**  *******3525  海南省昌江黎族******镇路0002室  智能扫地机器人
1  申屠**  09**:**  *******4856      江苏省徐州市****街0001室     剃须刀头
2  闾丘**  08**:**  *******9353       吉林省白城****路0004室      滤水壶
3   宁胜*  15**:**  *******7762       台湾省台北****路0004室       车充
4   靳力*  16**:**  *******4824   内蒙古自治区******大街0005室  智能臭氧发生器
2024-06-25 22:55:55,505 - celery_task.async_task - INFO - 数据合规性评估开始启动：53a29856-e8b0-4843-8d46-2861a74d0532-2
2024-06-25 22:56:56,415 - celery_task.async_task - INFO - 评估任务id: 53a29856-e8b0-4843-8d46-2861a74d0532-1,风险评估结果：1.0
2024-06-25 22:56:56,415 - celery_task.async_task - INFO - 评估任务id: 53a29856-e8b0-4843-8d46-2861a74d0532-1,统计推断攻击结果: 0
2024-06-25 22:58:53,846 - celery_task.async_task - INFO - json评估任务启动，任务配置：3c9a814e-ece3-4962-9794-d8100b66c4e0 ['product']
2024-06-25 22:58:53,874 - celery_task.async_task - INFO - 风险评估已启动，子进程id是：9d8c8da7-18c4-4683-b4bb-32fd8b6ab937
2024-06-25 22:58:55,745 - celery_task.async_task - INFO - 合规性评估已启动，子进程id是：14bc0f13-265e-4086-840f-22b5923a48a0
2024-06-25 22:58:56,000 - celery_task.async_task - INFO - 可用性评估已启动，子进程id是：bebed9c3-f1fa-4cac-bf67-327149325173
2024-06-25 22:58:56,274 - celery_task.async_task - INFO - 匿名集数据特征评估已启动，子进程id是：edc7b37f-11f7-4367-8249-996c644577f0
2024-06-25 22:58:56,550 - celery_task.async_task - INFO - 匿名数据质量评估已启动，子进程id是：54c408d7-5e23-4197-a870-4f3942821468
2024-06-25 22:58:56,803 - celery_task.async_task - INFO - 隐私保护性度量评估已启动，子进程id是：f18d9c72-e93b-49c4-b94b-66920c5300df
2024-06-25 22:59:53,528 - celery_task.async_task - INFO - 53a29856-e8b0-4843-8d46-2861a74d0532所有评估任务均已成功执行！
2024-06-25 22:59:55,290 - celery_task.async_task - INFO - Deserialized series_quasi: (17**:**, *******6982, 孙芸*, 宁夏回族自治区******大街0001室)       1
(09**:**, *******3247, 干琬*, 浙江省绍兴****道0009室)            1
(18**:**, *******4408, 彭克*, 宁夏回族自治******区道0003室)        1
(13**:**, *******0537, 乐华*, 台湾省新北****路0005室)            1
(14**:**, *******5300, 贡仁*, 贵州省黔西南布依******贞丰县路0001室)    1
dtype: int64
2024-06-25 22:59:55,294 - celery_task.async_task - INFO - Deserialized tem_all:       time        phone  name               address  product
0  09**:**  *******3525  赫连**  海南省昌江黎族******镇路0002室  智能扫地机器人
1  09**:**  *******4856  申屠**      江苏省徐州市****街0001室     剃须刀头
2  08**:**  *******9353  闾丘**       吉林省白城****路0004室      滤水壶
3  15**:**  *******7762   宁胜*       台湾省台北****路0004室       车充
4  16**:**  *******4824   靳力*   内蒙古自治区******大街0005室  智能臭氧发生器
2024-06-25 22:59:55,294 - celery_task.async_task - INFO - 数据合规性评估开始启动：3c9a814e-ece3-4962-9794-d8100b66c4e0-2
2024-06-25 23:00:48,343 - celery_task.async_task - INFO - 评估任务id: 3c9a814e-ece3-4962-9794-d8100b66c4e0-1,风险评估结果：1.0
2024-06-25 23:00:48,344 - celery_task.async_task - INFO - 评估任务id: 3c9a814e-ece3-4962-9794-d8100b66c4e0-1,统计推断攻击结果: 0
2024-06-25 23:03:57,150 - celery_task.async_task - INFO - 3c9a814e-ece3-4962-9794-d8100b66c4e0所有评估任务均已成功执行！
2024-06-25 23:04:35,384 - celery_task.async_task - INFO - json评估任务启动，任务配置：f2efbbde-3428-4899-9a3d-cc47fdfdc9ea ['product']
2024-06-25 23:04:35,389 - celery_task.async_task - INFO - 风险评估已启动，子进程id是：89d116cd-6e08-4f48-a681-2e1d119e282f
2024-06-25 23:04:37,187 - celery_task.async_task - INFO - 合规性评估已启动，子进程id是：a5f37505-d916-45f2-b4ae-0c57f945e96a
2024-06-25 23:04:37,439 - celery_task.async_task - INFO - 可用性评估已启动，子进程id是：92e9efc2-da71-40bc-ab5d-81d52946cb7a
2024-06-25 23:04:37,695 - celery_task.async_task - INFO - 匿名集数据特征评估已启动，子进程id是：74fa8e6b-9b37-497f-a8e4-151b7c0e3b71
2024-06-25 23:04:37,949 - celery_task.async_task - INFO - 匿名数据质量评估已启动，子进程id是：b5951938-a7cc-413b-8115-5cafe2b1b522
2024-06-25 23:04:38,210 - celery_task.async_task - INFO - 隐私保护性度量评估已启动，子进程id是：f15be1f9-fcd2-41e7-b8c7-d38ec7bab379
2024-06-25 23:04:40,620 - celery_task.async_task - INFO - Deserialized series_quasi: (孙芸*, 17**:**, *******6982, 宁夏回族自治区******大街0001室)       1
(干琬*, 09**:**, *******3247, 浙江省绍兴****道0009室)            1
(彭克*, 18**:**, *******4408, 宁夏回族自治******区道0003室)        1
(乐华*, 13**:**, *******0537, 台湾省新北****路0005室)            1
(贡仁*, 14**:**, *******5300, 贵州省黔西南布依******贞丰县路0001室)    1
dtype: int64
2024-06-25 23:04:40,624 - celery_task.async_task - INFO - Deserialized tem_all:    name     time        phone               address  product
0  赫连**  09**:**  *******3525  海南省昌江黎族******镇路0002室  智能扫地机器人
1  申屠**  09**:**  *******4856      江苏省徐州市****街0001室     剃须刀头
2  闾丘**  08**:**  *******9353       吉林省白城****路0004室      滤水壶
3   宁胜*  15**:**  *******7762       台湾省台北****路0004室       车充
4   靳力*  16**:**  *******4824   内蒙古自治区******大街0005室  智能臭氧发生器
2024-06-25 23:04:40,624 - celery_task.async_task - INFO - 数据合规性评估开始启动：f2efbbde-3428-4899-9a3d-cc47fdfdc9ea-2
2024-06-25 23:05:41,384 - celery_task.async_task - INFO - 评估任务id: f2efbbde-3428-4899-9a3d-cc47fdfdc9ea-1,风险评估结果：1.0
2024-06-25 23:05:41,385 - celery_task.async_task - INFO - 评估任务id: f2efbbde-3428-4899-9a3d-cc47fdfdc9ea-1,统计推断攻击结果: 0
2024-06-25 23:08:38,459 - celery_task.async_task - INFO - f2efbbde-3428-4899-9a3d-cc47fdfdc9ea所有评估任务均已成功执行！
2024-06-25 23:18:06,504 - celery_task.async_task - INFO - json评估任务启动，任务配置：bdbeca51-ca27-462c-abe4-0c1c0c51e770 ['product']
2024-06-25 23:18:06,509 - celery_task.async_task - INFO - 风险评估已启动，子进程id是：820ff482-16bc-4908-ae45-2d60ba1ccf04
2024-06-25 23:18:08,210 - celery_task.async_task - INFO - 合规性评估已启动，子进程id是：f60b5351-6a95-4b3c-8303-85e4569ea57a
2024-06-25 23:18:08,468 - celery_task.async_task - INFO - 可用性评估已启动，子进程id是：1513fcc5-5784-4da0-9e85-2afbeccf4b38
2024-06-25 23:18:08,720 - celery_task.async_task - INFO - 匿名集数据特征评估已启动，子进程id是：9e8b86db-491b-47b9-8660-db25b5055246
2024-06-25 23:18:08,973 - celery_task.async_task - INFO - 匿名数据质量评估已启动，子进程id是：400d58f5-7165-44ab-9ce5-6dec38d60cc1
2024-06-25 23:18:09,231 - celery_task.async_task - INFO - 隐私保护性度量评估已启动，子进程id是：255fc2ec-a0e6-4d6f-a26e-95d88be87da5
2024-06-25 23:18:11,599 - celery_task.async_task - INFO - Deserialized series_quasi: (孙芸*, 17**:**, *******6982, 宁夏回族自治区******大街0001室)       1
(干琬*, 09**:**, *******3247, 浙江省绍兴****道0009室)            1
(彭克*, 18**:**, *******4408, 宁夏回族自治******区道0003室)        1
(乐华*, 13**:**, *******0537, 台湾省新北****路0005室)            1
(贡仁*, 14**:**, *******5300, 贵州省黔西南布依******贞丰县路0001室)    1
dtype: int64
2024-06-25 23:18:11,604 - celery_task.async_task - INFO - Deserialized tem_all:    name     time        phone               address  product
0  赫连**  09**:**  *******3525  海南省昌江黎族******镇路0002室  智能扫地机器人
1  申屠**  09**:**  *******4856      江苏省徐州市****街0001室     剃须刀头
2  闾丘**  08**:**  *******9353       吉林省白城****路0004室      滤水壶
3   宁胜*  15**:**  *******7762       台湾省台北****路0004室       车充
4   靳力*  16**:**  *******4824   内蒙古自治区******大街0005室  智能臭氧发生器
2024-06-25 23:18:11,604 - celery_task.async_task - INFO - 数据合规性评估开始启动：bdbeca51-ca27-462c-abe4-0c1c0c51e770-2
2024-06-25 23:19:12,334 - celery_task.async_task - INFO - 评估任务id: bdbeca51-ca27-462c-abe4-0c1c0c51e770-1,风险评估结果：1.0
2024-06-25 23:19:12,334 - celery_task.async_task - INFO - 评估任务id: bdbeca51-ca27-462c-abe4-0c1c0c51e770-1,统计推断攻击结果: 0
2024-06-25 23:19:58,839 - celery_task.async_task - INFO - json评估任务启动，任务配置：873032c2-8789-43ed-84c3-03a1c6068de6 ['product']
2024-06-25 23:19:58,842 - celery_task.async_task - INFO - 风险评估已启动，子进程id是：644988d5-ca7f-40b0-9d5b-783458965dbf
2024-06-25 23:20:00,433 - celery_task.async_task - INFO - 合规性评估已启动，子进程id是：5a1092a6-5d50-4e8a-854f-def41362787f
2024-06-25 23:20:00,631 - celery_task.async_task - INFO - 可用性评估已启动，子进程id是：1cfeb1d7-6d6d-469e-bd6d-fe3259d104ea
2024-06-25 23:20:00,828 - celery_task.async_task - INFO - 匿名集数据特征评估已启动，子进程id是：2659404a-2056-4411-b190-757580427e7d
2024-06-25 23:20:01,061 - celery_task.async_task - INFO - 匿名数据质量评估已启动，子进程id是：5a4a880c-b75f-460b-bbe6-e22726a126da
2024-06-25 23:20:01,258 - celery_task.async_task - INFO - 隐私保护性度量评估已启动，子进程id是：de46945f-9a60-42e5-b574-6b46eb76a0da
2024-06-25 23:22:09,500 - celery_task.async_task - INFO - bdbeca51-ca27-462c-abe4-0c1c0c51e770所有评估任务均已成功执行！
2024-06-25 23:22:10,770 - celery_task.async_task - INFO - Deserialized series_quasi: (孔昌*, 15**:**, *******3627)    1
(昝博*, 16**:**, *******9251)    1
(许瑾*, 18**:**, *******4715)    1
(梅菊*, 17**:**, *******0201)    1
(程倩*, 14**:**, *******8568)    1
dtype: int64
2024-06-25 23:22:10,774 - celery_task.async_task - INFO - Deserialized tem_all:    name     time        phone  product
0  赫连**  09**:**  *******3525  智能扫地机器人
1  申屠**  09**:**  *******4856     剃须刀头
2  闾丘**  08**:**  *******9353      滤水壶
3   宁胜*  15**:**  *******7762       车充
4   靳力*  16**:**  *******4824  智能臭氧发生器
2024-06-25 23:22:10,774 - celery_task.async_task - INFO - 数据合规性评估开始启动：873032c2-8789-43ed-84c3-03a1c6068de6-2
2024-06-25 23:22:48,888 - celery_task.async_task - INFO - 评估任务id: 873032c2-8789-43ed-84c3-03a1c6068de6-1,风险评估结果：1.0
2024-06-25 23:22:48,889 - celery_task.async_task - INFO - 评估任务id: 873032c2-8789-43ed-84c3-03a1c6068de6-1,统计推断攻击结果: 0
2024-06-25 23:26:31,695 - celery_task.async_task - INFO - 873032c2-8789-43ed-84c3-03a1c6068de6所有评估任务均已成功执行！
2024-06-25 23:40:37,492 - celery_task.async_task - INFO - json评估任务启动，任务配置：f9958db8-2af3-43e3-ba5a-37cac13e99c0 ['product']
2024-06-25 23:40:37,496 - celery_task.async_task - INFO - 风险评估已启动，子进程id是：0b7693d8-cfe6-4410-b8e4-fc23e059c5eb
2024-06-25 23:40:39,206 - celery_task.async_task - INFO - 合规性评估已启动，子进程id是：0fa23c69-396b-46b0-8653-ef9c09aa20c1
2024-06-25 23:40:39,464 - celery_task.async_task - INFO - 可用性评估已启动，子进程id是：51c98e1c-b25d-4073-8ce9-5e742eade742
2024-06-25 23:40:39,719 - celery_task.async_task - INFO - 匿名集数据特征评估已启动，子进程id是：99dab2a6-ba1b-423c-9772-eef77e354a90
2024-06-25 23:40:39,985 - celery_task.async_task - INFO - 匿名数据质量评估已启动，子进程id是：b74da7a9-f9b9-452a-9e1d-764e7f5707df
2024-06-25 23:40:40,240 - celery_task.async_task - INFO - 隐私保护性度量评估已启动，子进程id是：64c188a3-dd97-4d62-a375-6feefed091ee
2024-06-25 23:40:42,575 - celery_task.async_task - INFO - Deserialized series_quasi: (孙芸*, 17**:**, *******6982, 宁夏回族自治区******大街0001室)       1
(干琬*, 09**:**, *******3247, 浙江省绍兴****道0009室)            1
(彭克*, 18**:**, *******4408, 宁夏回族自治******区道0003室)        1
(乐华*, 13**:**, *******0537, 台湾省新北****路0005室)            1
(贡仁*, 14**:**, *******5300, 贵州省黔西南布依******贞丰县路0001室)    1
dtype: int64
2024-06-25 23:40:42,579 - celery_task.async_task - INFO - Deserialized tem_all:    name     time        phone               address  product
0  赫连**  09**:**  *******3525  海南省昌江黎族******镇路0002室  智能扫地机器人
1  申屠**  09**:**  *******4856      江苏省徐州市****街0001室     剃须刀头
2  闾丘**  08**:**  *******9353       吉林省白城****路0004室      滤水壶
3   宁胜*  15**:**  *******7762       台湾省台北****路0004室       车充
4   靳力*  16**:**  *******4824   内蒙古自治区******大街0005室  智能臭氧发生器
2024-06-25 23:40:42,579 - celery_task.async_task - INFO - 数据合规性评估开始启动：f9958db8-2af3-43e3-ba5a-37cac13e99c0-2
2024-06-25 23:41:37,282 - celery_task.async_task - INFO - 评估任务id: f9958db8-2af3-43e3-ba5a-37cac13e99c0-1,风险评估结果：1.0
2024-06-25 23:41:37,283 - celery_task.async_task - INFO - 评估任务id: f9958db8-2af3-43e3-ba5a-37cac13e99c0-1,统计推断攻击结果: 0
2024-06-25 23:49:57,472 - celery_task.async_task - INFO - json评估任务启动，任务配置：84f3c9fc-65e6-427c-ab37-7cd22629d2cd ['product']
2024-06-25 23:49:57,505 - celery_task.async_task - INFO - 风险评估已启动，子进程id是：f456209b-d430-4b81-a8ea-9a41850c9b2e
2024-06-25 23:49:58,998 - celery_task.async_task - INFO - 合规性评估已启动，子进程id是：6a5e3b86-77fe-4c5a-88b1-e588fa5eb469
2024-06-25 23:49:59,256 - celery_task.async_task - INFO - 可用性评估已启动，子进程id是：fc752aec-71ad-4a6c-a9b6-9965b1d80506
2024-06-25 23:49:59,509 - celery_task.async_task - INFO - 匿名集数据特征评估已启动，子进程id是：1a29d7b9-f477-49d6-9c04-396e4f67f380
2024-06-25 23:49:59,763 - celery_task.async_task - INFO - 匿名数据质量评估已启动，子进程id是：1a4f4f7b-d18d-4bff-ae53-8500d0aa8c2a
2024-06-25 23:50:00,019 - celery_task.async_task - INFO - 隐私保护性度量评估已启动，子进程id是：22d7d536-0d84-42a2-bdc8-e8861cde9193
2024-06-25 23:50:02,235 - celery_task.async_task - INFO - Deserialized series_quasi: (15**:**, *******3627, 安徽省亳州市****街0003室)       1
(16**:**, *******9251, 云南省大理白******县道0008室)    1
(18**:**, *******4715, 山东省德州****巷0009室)        1
(17**:**, *******0201, 重庆市酉阳土******县路0006室)    1
(14**:**, *******8568, 吉林省四平市****街0004室)       1
dtype: int64
2024-06-25 23:50:02,240 - celery_task.async_task - INFO - Deserialized tem_all:       time        phone               address  product
0  09**:**  *******3525  海南省昌江黎族******镇路0002室  智能扫地机器人
1  09**:**  *******4856      江苏省徐州市****街0001室     剃须刀头
2  08**:**  *******9353       吉林省白城****路0004室      滤水壶
3  15**:**  *******7762       台湾省台北****路0004室       车充
4  16**:**  *******4824   内蒙古自治区******大街0005室  智能臭氧发生器
2024-06-25 23:50:02,240 - celery_task.async_task - INFO - 数据合规性评估开始启动：84f3c9fc-65e6-427c-ab37-7cd22629d2cd-2
2024-06-25 23:50:46,078 - celery_task.async_task - INFO - 评估任务id: 84f3c9fc-65e6-427c-ab37-7cd22629d2cd-1,风险评估结果：1.0
2024-06-25 23:50:46,078 - celery_task.async_task - INFO - 评估任务id: 84f3c9fc-65e6-427c-ab37-7cd22629d2cd-1,统计推断攻击结果: 0
2024-06-25 23:54:00,268 - celery_task.async_task - INFO - 84f3c9fc-65e6-427c-ab37-7cd22629d2cd所有评估任务均已成功执行！
